app/build/intermediates/manifest_merge_blame_file/debug/manifest-merger-blame-debug-report.txt
1<?xml version="1.0" encoding="utf-8"?>
2<manifest xmlns:android="http://schemas.android.com/apk/res/android"
3    package="com.mhutshow.daktarlagbe"
4    android:versionCode="1"
5    android:versionName="1.0" >
6
7    <uses-sdk
8        android:minSdkVersion="16"
8-->src\main\AndroidManifest.xml
9        android:targetSdkVersion="29" />
9-->src\main\AndroidManifest.xml
10
11    <uses-permission android:name="android.permission.CALL_PHONE" />
11-->src\main\AndroidManifest.xml:5:5-69
11-->src\main\AndroidManifest.xml:5:22-66
12    <uses-permission android:name="android.permission.INTERNET" />
12-->src\main\AndroidManifest.xml:6:5-67
12-->src\main\AndroidManifest.xml:6:22-64
13    <uses-permission android:name="android.permission.READ_EXTERNAL_STORAGE" />
13-->src\main\AndroidManifest.xml:7:5-80
13-->src\main\AndroidManifest.xml:7:22-77
14    <uses-permission android:name="android.permission.ACCESS_NETWORK_STATE" />
14-->[com.google.firebase:firebase-auth:21.0.1] AndroidManifest.xml:24:5-79
14-->[com.google.firebase:firebase-auth:21.0.1] AndroidManifest.xml:24:22-76
15
16    <application
16-->src\main\AndroidManifest.xml:9:5-50:19
17        android:name="androidx.multidex.MultiDexApplication"
18        android:allowBackup="true"
18-->src\main\AndroidManifest.xml:10:9-35
19        android:appComponentFactory="androidx.core.app.CoreComponentFactory"
19-->[androidx.core:core:1.1.0] AndroidManifest.xml:24:18-86
20        android:debuggable="true"
21        android:icon="@mipmap/logo_new_foreground"
21-->src\main\AndroidManifest.xml:11:9-51
22        android:label="@string/app_name"
22-->src\main\AndroidManifest.xml:12:9-41
23        android:roundIcon="@mipmap/logo_new_foreground"
23-->src\main\AndroidManifest.xml:13:9-56
24        android:supportsRtl="true"
24-->src\main\AndroidManifest.xml:14:9-35
25        android:testOnly="true"
26        android:theme="@style/Theme.AppCompat.Light.NoActionBar" >
26-->src\main\AndroidManifest.xml:15:9-65
27        <activity android:name="com.mhutshow.daktarlagbe.controller.VerifyPhone" />
27-->src\main\AndroidManifest.xml:16:9-69
27-->src\main\AndroidManifest.xml:16:19-57
28        <activity android:name="com.mhutshow.daktarlagbe.controller.MyCalendarDoctorActivity" />
28-->src\main\AndroidManifest.xml:17:9-73
28-->src\main\AndroidManifest.xml:17:19-70
29        <activity android:name="com.mhutshow.daktarlagbe.controller.TestActivity" />
29-->src\main\AndroidManifest.xml:18:9-61
29-->src\main\AndroidManifest.xml:18:19-58
30        <activity android:name="com.mhutshow.daktarlagbe.controller.AppointementActivity" />
30-->src\main\AndroidManifest.xml:19:9-69
30-->src\main\AndroidManifest.xml:19:19-66
31        <activity android:name="com.mhutshow.daktarlagbe.controller.FicheInfo" />
31-->src\main\AndroidManifest.xml:20:9-58
31-->src\main\AndroidManifest.xml:20:19-55
32        <activity android:name="com.mhutshow.daktarlagbe.controller.PatientInfoActivity" />
32-->src\main\AndroidManifest.xml:21:9-68
32-->src\main\AndroidManifest.xml:21:19-65
33        <activity android:name="com.mhutshow.daktarlagbe.controller.DossierMedical" />
33-->src\main\AndroidManifest.xml:22:9-63
33-->src\main\AndroidManifest.xml:22:19-60
34        <activity android:name="com.mhutshow.daktarlagbe.controller.ChatActivity" />
34-->src\main\AndroidManifest.xml:23:9-61
34-->src\main\AndroidManifest.xml:23:19-58
35        <activity android:name="com.mhutshow.daktarlagbe.controller.PatientRequestPage" />
35-->src\main\AndroidManifest.xml:24:9-67
35-->src\main\AndroidManifest.xml:24:19-64
36        <activity android:name="com.mhutshow.daktarlagbe.controller.DoctorHomeActivity" />
36-->src\main\AndroidManifest.xml:25:9-67
36-->src\main\AndroidManifest.xml:25:19-64
37        <activity android:name="com.mhutshow.daktarlagbe.controller.EditProfileDoctorActivity" />
37-->src\main\AndroidManifest.xml:26:9-74
37-->src\main\AndroidManifest.xml:26:19-71
38        <activity android:name="com.mhutshow.daktarlagbe.controller.ConfirmedAppointmensActivity" />
38-->src\main\AndroidManifest.xml:27:9-77
38-->src\main\AndroidManifest.xml:27:19-74
39        <activity android:name="com.mhutshow.daktarlagbe.controller.PatientAppointementsActivity" />
39-->src\main\AndroidManifest.xml:28:9-77
39-->src\main\AndroidManifest.xml:28:19-74
40        <activity android:name="com.mhutshow.daktarlagbe.controller.ProfilePatientActivity" />
40-->src\main\AndroidManifest.xml:29:9-71
40-->src\main\AndroidManifest.xml:29:19-68
41        <activity android:name="com.mhutshow.daktarlagbe.controller.MyDoctorsAvtivity" />
41-->src\main\AndroidManifest.xml:30:9-66
41-->src\main\AndroidManifest.xml:30:19-63
42        <activity android:name="com.mhutshow.daktarlagbe.controller.ProfileDoctorActivity" />
42-->src\main\AndroidManifest.xml:31:9-70
42-->src\main\AndroidManifest.xml:31:19-67
43        <activity android:name="com.mhutshow.daktarlagbe.controller.EditProfilePatientActivity" />
43-->src\main\AndroidManifest.xml:32:9-75
43-->src\main\AndroidManifest.xml:32:19-72
44        <activity android:name="com.mhutshow.daktarlagbe.controller.DoctorAppointementActivity" />
44-->src\main\AndroidManifest.xml:33:9-75
44-->src\main\AndroidManifest.xml:33:19-72
45        <activity android:name="com.mhutshow.daktarlagbe.controller.FicheActivity" />
45-->src\main\AndroidManifest.xml:34:9-62
45-->src\main\AndroidManifest.xml:34:19-59
46        <activity android:name="com.mhutshow.daktarlagbe.controller.MyPatientsActivity" />
46-->src\main\AndroidManifest.xml:35:9-67
46-->src\main\AndroidManifest.xml:35:19-64
47        <activity android:name="com.mhutshow.daktarlagbe.controller.SearchPatActivity" />
47-->src\main\AndroidManifest.xml:36:9-66
47-->src\main\AndroidManifest.xml:36:19-63
48        <activity android:name="com.mhutshow.daktarlagbe.controller.FirstSigninActivity" />
48-->src\main\AndroidManifest.xml:37:9-68
48-->src\main\AndroidManifest.xml:37:19-65
49        <activity android:name="com.mhutshow.daktarlagbe.controller.HomeActivity" />
49-->src\main\AndroidManifest.xml:38:9-61
49-->src\main\AndroidManifest.xml:38:19-58
50        <activity android:name="com.mhutshow.daktarlagbe.controller.MainActivity" >
50-->src\main\AndroidManifest.xml:39:9-45:20
50-->src\main\AndroidManifest.xml:39:19-58
51            <intent-filter>
51-->src\main\AndroidManifest.xml:40:13-44:29
52                <action android:name="android.intent.action.MAIN" />
52-->src\main\AndroidManifest.xml:41:17-69
52-->src\main\AndroidManifest.xml:41:25-66
53
54                <category android:name="android.intent.category.LAUNCHER" />
54-->src\main\AndroidManifest.xml:43:17-77
54-->src\main\AndroidManifest.xml:43:27-74
55            </intent-filter>
56        </activity>
57
58        <meta-data
58-->src\main\AndroidManifest.xml:47:9-49:57
59            android:name="preloaded_fonts"
59-->src\main\AndroidManifest.xml:48:13-43
60            android:resource="@array/preloaded_fonts" />
60-->src\main\AndroidManifest.xml:49:13-54
61
62        <activity
62-->[com.google.firebase:firebase-auth:21.0.1] AndroidManifest.xml:27:9-44:20
63            android:name="com.google.firebase.auth.internal.GenericIdpActivity"
63-->[com.google.firebase:firebase-auth:21.0.1] AndroidManifest.xml:28:13-80
64            android:excludeFromRecents="true"
64-->[com.google.firebase:firebase-auth:21.0.1] AndroidManifest.xml:29:13-46
65            android:exported="true"
65-->[com.google.firebase:firebase-auth:21.0.1] AndroidManifest.xml:30:13-36
66            android:launchMode="singleTask"
66-->[com.google.firebase:firebase-auth:21.0.1] AndroidManifest.xml:31:13-44
67            android:theme="@android:style/Theme.Translucent.NoTitleBar" >
67-->[com.google.firebase:firebase-auth:21.0.1] AndroidManifest.xml:32:13-72
68            <intent-filter>
68-->[com.google.firebase:firebase-auth:21.0.1] AndroidManifest.xml:33:13-43:29
69                <action android:name="android.intent.action.VIEW" />
69-->[com.google.firebase:firebase-auth:21.0.1] AndroidManifest.xml:34:17-69
69-->[com.google.firebase:firebase-auth:21.0.1] AndroidManifest.xml:34:25-66
70
71                <category android:name="android.intent.category.DEFAULT" />
71-->[com.google.firebase:firebase-auth:21.0.1] AndroidManifest.xml:36:17-76
71-->[com.google.firebase:firebase-auth:21.0.1] AndroidManifest.xml:36:27-73
72                <category android:name="android.intent.category.BROWSABLE" />
72-->[com.google.firebase:firebase-auth:21.0.1] AndroidManifest.xml:37:17-78
72-->[com.google.firebase:firebase-auth:21.0.1] AndroidManifest.xml:37:27-75
73
74                <data
74-->[com.google.firebase:firebase-auth:21.0.1] AndroidManifest.xml:39:17-42:51
75                    android:host="firebase.auth"
75-->[com.google.firebase:firebase-auth:21.0.1] AndroidManifest.xml:40:21-49
76                    android:path="/"
76-->[com.google.firebase:firebase-auth:21.0.1] AndroidManifest.xml:41:21-37
77                    android:scheme="genericidp" />
77-->[com.google.firebase:firebase-auth:21.0.1] AndroidManifest.xml:42:21-48
78            </intent-filter>
79        </activity>
80        <activity
80-->[com.google.firebase:firebase-auth:21.0.1] AndroidManifest.xml:45:9-62:20
81            android:name="com.google.firebase.auth.internal.RecaptchaActivity"
81-->[com.google.firebase:firebase-auth:21.0.1] AndroidManifest.xml:46:13-79
82            android:excludeFromRecents="true"
82-->[com.google.firebase:firebase-auth:21.0.1] AndroidManifest.xml:47:13-46
83            android:exported="true"
83-->[com.google.firebase:firebase-auth:21.0.1] AndroidManifest.xml:48:13-36
84            android:launchMode="singleTask"
84-->[com.google.firebase:firebase-auth:21.0.1] AndroidManifest.xml:49:13-44
85            android:theme="@android:style/Theme.Translucent.NoTitleBar" >
85-->[com.google.firebase:firebase-auth:21.0.1] AndroidManifest.xml:50:13-72
86            <intent-filter>
86-->[com.google.firebase:firebase-auth:21.0.1] AndroidManifest.xml:51:13-61:29
87                <action android:name="android.intent.action.VIEW" />
87-->[com.google.firebase:firebase-auth:21.0.1] AndroidManifest.xml:34:17-69
87-->[com.google.firebase:firebase-auth:21.0.1] AndroidManifest.xml:34:25-66
88
89                <category android:name="android.intent.category.DEFAULT" />
89-->[com.google.firebase:firebase-auth:21.0.1] AndroidManifest.xml:36:17-76
89-->[com.google.firebase:firebase-auth:21.0.1] AndroidManifest.xml:36:27-73
90                <category android:name="android.intent.category.BROWSABLE" />
90-->[com.google.firebase:firebase-auth:21.0.1] AndroidManifest.xml:37:17-78
90-->[com.google.firebase:firebase-auth:21.0.1] AndroidManifest.xml:37:27-75
91
92                <data
92-->[com.google.firebase:firebase-auth:21.0.1] AndroidManifest.xml:39:17-42:51
93                    android:host="firebase.auth"
93-->[com.google.firebase:firebase-auth:21.0.1] AndroidManifest.xml:40:21-49
94                    android:path="/"
94-->[com.google.firebase:firebase-auth:21.0.1] AndroidManifest.xml:41:21-37
95                    android:scheme="recaptcha" />
95-->[com.google.firebase:firebase-auth:21.0.1] AndroidManifest.xml:42:21-48
96            </intent-filter>
97        </activity>
98
99        <service
99-->[com.google.firebase:firebase-auth:21.0.1] AndroidManifest.xml:64:9-73:19
100            android:name="com.google.firebase.auth.api.fallback.service.FirebaseAuthFallbackService"
100-->[com.google.firebase:firebase-auth:21.0.1] AndroidManifest.xml:65:13-101
101            android:enabled="true"
101-->[com.google.firebase:firebase-auth:21.0.1] AndroidManifest.xml:66:13-35
102            android:exported="false" >
102-->[com.google.firebase:firebase-auth:21.0.1] AndroidManifest.xml:67:13-37
103            <intent-filter>
103-->[com.google.firebase:firebase-auth:21.0.1] AndroidManifest.xml:68:13-72:29
104                <action android:name="com.google.firebase.auth.api.gms.service.START" />
104-->[com.google.firebase:firebase-auth:21.0.1] AndroidManifest.xml:69:17-89
104-->[com.google.firebase:firebase-auth:21.0.1] AndroidManifest.xml:69:25-86
105
106                <category android:name="android.intent.category.DEFAULT" />
106-->[com.google.firebase:firebase-auth:21.0.1] AndroidManifest.xml:36:17-76
106-->[com.google.firebase:firebase-auth:21.0.1] AndroidManifest.xml:36:27-73
107            </intent-filter>
108        </service>
109        <service
109-->[com.google.firebase:firebase-auth:21.0.1] AndroidManifest.xml:74:9-80:19
110            android:name="com.google.firebase.components.ComponentDiscoveryService"
110-->[com.google.firebase:firebase-auth:21.0.1] AndroidManifest.xml:75:13-84
111            android:directBootAware="true"
111-->[com.google.firebase:firebase-common:20.0.0] AndroidManifest.xml:35:13-43
112            android:exported="false" >
112-->[com.google.firebase:firebase-auth:21.0.1] AndroidManifest.xml:76:13-37
113            <meta-data
113-->[com.google.firebase:firebase-auth:21.0.1] AndroidManifest.xml:77:13-79:85
114                android:name="com.google.firebase.components:com.google.firebase.auth.FirebaseAuthRegistrar"
114-->[com.google.firebase:firebase-auth:21.0.1] AndroidManifest.xml:78:17-109
115                android:value="com.google.firebase.components.ComponentRegistrar" />
115-->[com.google.firebase:firebase-auth:21.0.1] AndroidManifest.xml:79:17-82
116            <meta-data
116-->[com.google.firebase:firebase-database:20.0.0] AndroidManifest.xml:32:13-34:85
117                android:name="com.google.firebase.components:com.google.firebase.database.DatabaseRegistrar"
117-->[com.google.firebase:firebase-database:20.0.0] AndroidManifest.xml:33:17-109
118                android:value="com.google.firebase.components.ComponentRegistrar" />
118-->[com.google.firebase:firebase-database:20.0.0] AndroidManifest.xml:34:17-82
119            <meta-data
119-->[com.google.firebase:firebase-firestore:23.0.2] AndroidManifest.xml:20:13-22:85
120                android:name="com.google.firebase.components:com.google.firebase.firestore.FirestoreRegistrar"
120-->[com.google.firebase:firebase-firestore:23.0.2] AndroidManifest.xml:21:17-111
121                android:value="com.google.firebase.components.ComponentRegistrar" />
121-->[com.google.firebase:firebase-firestore:23.0.2] AndroidManifest.xml:22:17-82
122            <meta-data
122-->[com.google.firebase:firebase-storage:20.0.0] AndroidManifest.xml:33:13-35:85
123                android:name="com.google.firebase.components:com.google.firebase.storage.StorageRegistrar"
123-->[com.google.firebase:firebase-storage:20.0.0] AndroidManifest.xml:34:17-107
124                android:value="com.google.firebase.components.ComponentRegistrar" />
124-->[com.google.firebase:firebase-storage:20.0.0] AndroidManifest.xml:35:17-82
125        </service>
126
127        <activity
127-->[com.google.android.gms:play-services-auth:18.0.0] AndroidManifest.xml:23:9-27:75
128            android:name="com.google.android.gms.auth.api.signin.internal.SignInHubActivity"
128-->[com.google.android.gms:play-services-auth:18.0.0] AndroidManifest.xml:24:13-93
129            android:excludeFromRecents="true"
129-->[com.google.android.gms:play-services-auth:18.0.0] AndroidManifest.xml:25:13-46
130            android:exported="false"
130-->[com.google.android.gms:play-services-auth:18.0.0] AndroidManifest.xml:26:13-37
131            android:theme="@android:style/Theme.Translucent.NoTitleBar" />
131-->[com.google.android.gms:play-services-auth:18.0.0] AndroidManifest.xml:27:13-72
132        <!--
133            Service handling Google Sign-In user revocation. For apps that do not integrate with
134            Google Sign-In, this service will never be started.
135        -->
136        <service
136-->[com.google.android.gms:play-services-auth:18.0.0] AndroidManifest.xml:33:9-36:110
137            android:name="com.google.android.gms.auth.api.signin.RevocationBoundService"
137-->[com.google.android.gms:play-services-auth:18.0.0] AndroidManifest.xml:34:13-89
138            android:exported="true"
138-->[com.google.android.gms:play-services-auth:18.0.0] AndroidManifest.xml:35:13-36
139            android:permission="com.google.android.gms.auth.api.signin.permission.REVOCATION_NOTIFICATION" />
139-->[com.google.android.gms:play-services-auth:18.0.0] AndroidManifest.xml:36:13-107
140
141        <activity
141-->[com.google.android.gms:play-services-base:17.1.0] AndroidManifest.xml:23:9-26:75
142            android:name="com.google.android.gms.common.api.GoogleApiActivity"
142-->[com.google.android.gms:play-services-base:17.1.0] AndroidManifest.xml:24:13-79
143            android:exported="false"
143-->[com.google.android.gms:play-services-base:17.1.0] AndroidManifest.xml:25:13-37
144            android:theme="@android:style/Theme.Translucent.NoTitleBar" />
144-->[com.google.android.gms:play-services-base:17.1.0] AndroidManifest.xml:26:13-72
145
146        <provider
146-->[com.google.firebase:firebase-common:20.0.0] AndroidManifest.xml:26:9-31:39
147            android:name="com.google.firebase.provider.FirebaseInitProvider"
147-->[com.google.firebase:firebase-common:20.0.0] AndroidManifest.xml:27:13-77
148            android:authorities="com.mhutshow.daktarlagbe.firebaseinitprovider"
148-->[com.google.firebase:firebase-common:20.0.0] AndroidManifest.xml:28:13-72
149            android:directBootAware="true"
149-->[com.google.firebase:firebase-common:20.0.0] AndroidManifest.xml:29:13-43
150            android:exported="false"
150-->[com.google.firebase:firebase-common:20.0.0] AndroidManifest.xml:30:13-37
151            android:initOrder="100" />
151-->[com.google.firebase:firebase-common:20.0.0] AndroidManifest.xml:31:13-36
152
153        <meta-data
153-->[com.google.android.gms:play-services-basement:17.1.1] AndroidManifest.xml:23:9-25:69
154            android:name="com.google.android.gms.version"
154-->[com.google.android.gms:play-services-basement:17.1.1] AndroidManifest.xml:24:13-58
155            android:value="@integer/google_play_services_version" />
155-->[com.google.android.gms:play-services-basement:17.1.1] AndroidManifest.xml:25:13-66
156    </application>
157
158</manifest>